#! /c/Source/iverilog-install/bin/vvp
:ivl_version "12.0 (devel)" "(s20150603-1539-g2693dd32b)";
:ivl_delay_selection "TYPICAL";
:vpi_time_precision + 0;
:vpi_module "C:\iverilog\lib\ivl\system.vpi";
:vpi_module "C:\iverilog\lib\ivl\vhdl_sys.vpi";
:vpi_module "C:\iverilog\lib\ivl\vhdl_textio.vpi";
:vpi_module "C:\iverilog\lib\ivl\v2005_math.vpi";
:vpi_module "C:\iverilog\lib\ivl\va_math.vpi";
S_00000245e8086660 .scope module, "prescaler" "prescaler" 2 1;
 .timescale 0 0;
    .port_info 0 /INPUT 1 "rst_n";
    .port_info 1 /INPUT 1 "clk";
    .port_info 2 /OUTPUT 1 "out";
P_00000245e808c3b0 .param/l "CNT_TIME_NS" 0 2 2, C4<1100001101010000>;
L_00000245e8086e80 .functor BUFZ 1, v00000245e8086930_0, C4<0>, C4<0>, C4<0>;
o00000245e80d6f78 .functor BUFZ 1, C4<z>; HiZ drive
v00000245e8087080_0 .net "clk", 0 0, o00000245e80d6f78;  0 drivers
v00000245e80867f0_0 .var "counter", 15 0;
v00000245e8086890_0 .net "out", 0 0, L_00000245e8086e80;  1 drivers
v00000245e8086930_0 .var "prescaler_out", 0 0;
o00000245e80d7038 .functor BUFZ 1, C4<z>; HiZ drive
v00000245e80869d0_0 .net "rst_n", 0 0, o00000245e80d7038;  0 drivers
E_00000245e808c930/0 .event negedge, v00000245e80869d0_0;
E_00000245e808c930/1 .event posedge, v00000245e8087080_0;
E_00000245e808c930 .event/or E_00000245e808c930/0, E_00000245e808c930/1;
    .scope S_00000245e8086660;
T_0 ;
    %wait E_00000245e808c930;
    %load/vec4 v00000245e80869d0_0;
    %nor/r;
    %flag_set/vec4 8;
    %jmp/0xz  T_0.0, 8;
    %pushi/vec4 0, 0, 16;
    %assign/vec4 v00000245e80867f0_0, 0;
    %pushi/vec4 0, 0, 1;
    %assign/vec4 v00000245e8086930_0, 0;
    %jmp T_0.1;
T_0.0 ;
    %load/vec4 v00000245e80867f0_0;
    %cmpi/u 50000, 0, 16;
    %jmp/0xz  T_0.2, 5;
    %load/vec4 v00000245e80867f0_0;
    %addi 1, 0, 16;
    %assign/vec4 v00000245e80867f0_0, 0;
    %pushi/vec4 0, 0, 1;
    %assign/vec4 v00000245e8086930_0, 0;
    %jmp T_0.3;
T_0.2 ;
    %pushi/vec4 0, 0, 16;
    %assign/vec4 v00000245e80867f0_0, 0;
    %pushi/vec4 1, 0, 1;
    %assign/vec4 v00000245e8086930_0, 0;
T_0.3 ;
T_0.1 ;
    %jmp T_0;
    .thread T_0;
# The file index is used to find the file name in the following table.
:file_names 3;
    "N/A";
    "<interactive>";
    "prescaler.v";
